<?xml version="1.0" encoding="UTF-8"?>
<!-- Generated by org.testng.reporters.JUnitReportReporter -->
<testsuite hostname="MounsGrace" failures="0" tests="1" name="pageobjects.login" time="13.608" errors="0" timestamp="2024-11-11T18:44:18 IST" skipped="0">
  <testcase classname="pageobjects.login" name="E2E" time="13.608"/>
</testsuite> <!-- pageobjects.login -->
